<?xml version="1.0" encoding="UTF-8"?>
<!-- Generated by org.testng.reporters.JUnitReportReporter -->
<testsuite hostname="LAPTOP-KCHLP7K3" failures="0" tests="8" name="apiTests.BookingTest" time="10.636" errors="0" timestamp="2022-04-11T16:14:33 PKT" skipped="0">
  <testcase classname="apiTests.BookingTest" name="getBookingIdsByCheckinCheckout" time="1.071"/>
  <system-out/>
  <testcase classname="apiTests.BookingTest" name="getBookingById" time="1.090"/>
  <system-out/>
  <testcase classname="apiTests.BookingTest" name="getBookingIdsByName" time="1.109"/>
  <system-out/>
  <testcase classname="apiTests.BookingTest" name="updatePartialBooking" time="1.103"/>
  <system-out/>
  <testcase classname="apiTests.BookingTest" name="updateBooking" time="1.165"/>
  <system-out/>
  <testcase classname="apiTests.BookingTest" name="getBookingIds" time="1.086"/>
  <system-out/>
  <testcase classname="apiTests.BookingTest" name="createBooking" time="1.848"/>
  <system-out/>
  <testcase classname="apiTests.BookingTest" name="deleteBooking" time="2.164"/>
  <system-out/>
</testsuite> <!-- apiTests.BookingTest -->
